<?xml version="1.0" encoding="UTF-8"?>
<testsuite name="dev.graphlink.test.ErrorCaptureTest$GetUserOrErrorsNullData" tests="3" skipped="0" failures="0" errors="0" timestamp="2026-05-30T03:59:27.254Z" hostname="MacBook-Pro.local" time="0.005">
  <properties/>
  <testcase name="data_isNull()" classname="dev.graphlink.test.ErrorCaptureTest$GetUserOrErrorsNullData" time="0.002"/>
  <testcase name="doesNotThrow_whenDataNull()" classname="dev.graphlink.test.ErrorCaptureTest$GetUserOrErrorsNullData" time="0.001"/>
  <testcase name="errors_isNonEmpty()" classname="dev.graphlink.test.ErrorCaptureTest$GetUserOrErrorsNullData" time="0.001"/>
  <system-out><![CDATA[]]></system-out>
  <system-err><![CDATA[]]></system-err>
</testsuite>
