<?xml version="1.0" encoding="UTF-8"?>
<testsuite name="dev.graphlink.test.ListsTest$ListWithNullableItemFields" tests="5" skipped="0" failures="0" errors="0" timestamp="2026-05-30T03:59:27.300Z" hostname="MacBook-Pro.local" time="0.007">
  <properties/>
  <testcase name="getTags_firstItem_hasColor()" classname="dev.graphlink.test.ListsTest$ListWithNullableItemFields" time="0.002"/>
  <testcase name="getTags_firstItem_isTagType()" classname="dev.graphlink.test.ListsTest$ListWithNullableItemFields" time="0.001"/>
  <testcase name="getTags_hasTwoItems()" classname="dev.graphlink.test.ListsTest$ListWithNullableItemFields" time="0.001"/>
  <testcase name="getTags_secondItem_colorIsNull()" classname="dev.graphlink.test.ListsTest$ListWithNullableItemFields" time="0.002"/>
  <testcase name="getTags_secondItem_hasLabel()" classname="dev.graphlink.test.ListsTest$ListWithNullableItemFields" time="0.001"/>
  <system-out><![CDATA[]]></system-out>
  <system-err><![CDATA[]]></system-err>
</testsuite>
