<?xml version="1.0" encoding="UTF-8"?>
<testsuite name="dev.graphlink.test.UploadTest$UploadOneFile" tests="8" skipped="0" failures="0" errors="0" timestamp="2026-05-30T03:59:27.480Z" hostname="MacBook-Pro.local" time="0.006">
  <properties/>
  <testcase name="response_name_isCorrect()" classname="dev.graphlink.test.UploadTest$UploadOneFile" time="0.001"/>
  <testcase name="operations_containsCorrectUserId()" classname="dev.graphlink.test.UploadTest$UploadOneFile" time="0.001"/>
  <testcase name="mapSlot0_pointsTo_variablesFile()" classname="dev.graphlink.test.UploadTest$UploadOneFile" time="0.0"/>
  <testcase name="filePart_presentUnderSlot0()" classname="dev.graphlink.test.UploadTest$UploadOneFile" time="0.0"/>
  <testcase name="regularAdapter_notCalled()" classname="dev.graphlink.test.UploadTest$UploadOneFile" time="0.001"/>
  <testcase name="fileVariable_isNull_inOperations()" classname="dev.graphlink.test.UploadTest$UploadOneFile" time="0.0"/>
  <testcase name="response_id_isCorrect()" classname="dev.graphlink.test.UploadTest$UploadOneFile" time="0.001"/>
  <testcase name="multipartAdapter_calledOnce()" classname="dev.graphlink.test.UploadTest$UploadOneFile" time="0.001"/>
  <system-out><![CDATA[]]></system-out>
  <system-err><![CDATA[]]></system-err>
</testsuite>
