<?xml version="1.0" encoding="UTF-8"?>
<testsuite name="dev.graphlink.test.ErrorCaptureTest$FindUserOrErrorsWithErrors" tests="4" skipped="0" failures="0" errors="0" timestamp="2026-05-30T03:59:27.249Z" hostname="MacBook-Pro.local" time="0.005">
  <properties/>
  <testcase name="data_fieldIsNull()" classname="dev.graphlink.test.ErrorCaptureTest$FindUserOrErrorsWithErrors" time="0.001"/>
  <testcase name="doesNotThrow()" classname="dev.graphlink.test.ErrorCaptureTest$FindUserOrErrorsWithErrors" time="0.002"/>
  <testcase name="errors_isNonEmpty()" classname="dev.graphlink.test.ErrorCaptureTest$FindUserOrErrorsWithErrors" time="0.001"/>
  <testcase name="errors_message_isCorrect()" classname="dev.graphlink.test.ErrorCaptureTest$FindUserOrErrorsWithErrors" time="0.001"/>
  <system-out><![CDATA[]]></system-out>
  <system-err><![CDATA[]]></system-err>
</testsuite>
