<?xml version="1.0" encoding="UTF-8"?>
<testsuite name="dev.graphlink.test.ScalarsTest$OutgoingRequestShape" tests="2" skipped="0" failures="0" errors="0" timestamp="2026-05-30T03:59:27.444Z" hostname="MacBook-Pro.local" time="0.002">
  <properties/>
  <testcase name="operationName_isGetAllScalars()" classname="dev.graphlink.test.ScalarsTest$OutgoingRequestShape" time="0.001"/>
  <testcase name="idArgument_isSentAsStringInVariables()" classname="dev.graphlink.test.ScalarsTest$OutgoingRequestShape" time="0.001"/>
  <system-out><![CDATA[]]></system-out>
  <system-err><![CDATA[]]></system-err>
</testsuite>
