<?xml version="1.0" encoding="UTF-8"?>
<testsuite name="dev.graphlink.test.ScalarsTest$NullableScalarFields_Present" tests="7" skipped="0" failures="0" errors="0" timestamp="2026-05-30T03:59:27.435Z" hostname="MacBook-Pro.local" time="0.008">
  <properties/>
  <testcase name="nullableStr_hasValue()" classname="dev.graphlink.test.ScalarsTest$NullableScalarFields_Present" time="0.001"/>
  <testcase name="nullableInt_hasValue()" classname="dev.graphlink.test.ScalarsTest$NullableScalarFields_Present" time="0.001"/>
  <testcase name="negativeInt_deserializesCorrectly()" classname="dev.graphlink.test.ScalarsTest$NullableScalarFields_Present" time="0.001"/>
  <testcase name="nullableFloat_hasValue()" classname="dev.graphlink.test.ScalarsTest$NullableScalarFields_Present" time="0.001"/>
  <testcase name="boolFalse_isNotTreatedAsNull()" classname="dev.graphlink.test.ScalarsTest$NullableScalarFields_Present" time="0.001"/>
  <testcase name="nullableBool_isFalse_notNull()" classname="dev.graphlink.test.ScalarsTest$NullableScalarFields_Present" time="0.001"/>
  <testcase name="negativeFloat_deserializesCorrectly()" classname="dev.graphlink.test.ScalarsTest$NullableScalarFields_Present" time="0.001"/>
  <system-out><![CDATA[]]></system-out>
  <system-err><![CDATA[]]></system-err>
</testsuite>
