<?xml version="1.0" encoding="UTF-8"?>
<testsuite name="dev.graphlink.test.NullabilityTest$NullableListField" tests="2" skipped="0" failures="0" errors="0" timestamp="2026-05-30T03:59:27.370Z" hostname="MacBook-Pro.local" time="0.002">
  <properties/>
  <testcase name="scores_isNull_whenAbsent()" classname="dev.graphlink.test.NullabilityTest$NullableListField" time="0.001"/>
  <testcase name="scores_hasList_whenPresent()" classname="dev.graphlink.test.NullabilityTest$NullableListField" time="0.001"/>
  <system-out><![CDATA[]]></system-out>
  <system-err><![CDATA[]]></system-err>
</testsuite>
