<?xml version="1.0" encoding="UTF-8"?>
<testsuite name="dev.graphlink.test.QueriesTest$FetchUserSummary" tests="6" skipped="0" failures="0" errors="0" timestamp="2026-05-30T03:59:27.401Z" hostname="MacBook-Pro.local" time="0.007">
  <properties/>
  <testcase name="getUser_hasCorrectId()" classname="dev.graphlink.test.QueriesTest$FetchUserSummary" time="0.002"/>
  <testcase name="getUser_hasCorrectName()" classname="dev.graphlink.test.QueriesTest$FetchUserSummary" time="0.001"/>
  <testcase name="response_isNotNull()" classname="dev.graphlink.test.QueriesTest$FetchUserSummary" time="0.001"/>
  <testcase name="getUser_isNotNull()" classname="dev.graphlink.test.QueriesTest$FetchUserSummary" time="0.001"/>
  <testcase name="getUser_status_deserializesToEnum()" classname="dev.graphlink.test.QueriesTest$FetchUserSummary" time="0.001"/>
  <testcase name="getUser_isProjectedType()" classname="dev.graphlink.test.QueriesTest$FetchUserSummary" time="0.001"/>
  <system-out><![CDATA[]]></system-out>
  <system-err><![CDATA[]]></system-err>
</testsuite>
