<?xml version="1.0" encoding="UTF-8"?>
<testsuite name="dev.graphlink.test.SubscriptionsTest$UserCreated" tests="6" skipped="0" failures="0" errors="0" timestamp="2026-05-30T03:59:27.446Z" hostname="MacBook-Pro.local" time="0.021">
  <properties/>
  <testcase name="multipleEvents_deliveredInOrder()" classname="dev.graphlink.test.SubscriptionsTest$UserCreated" time="0.011"/>
  <testcase name="singleEvent_status_deserializesToEnum()" classname="dev.graphlink.test.SubscriptionsTest$UserCreated" time="0.002"/>
  <testcase name="subscribeMessage_isSent_afterConnectionAck()" classname="dev.graphlink.test.SubscriptionsTest$UserCreated" time="0.001"/>
  <testcase name="singleEvent_name_isCorrect()" classname="dev.graphlink.test.SubscriptionsTest$UserCreated" time="0.001"/>
  <testcase name="singleEvent_deserializedCorrectly()" classname="dev.graphlink.test.SubscriptionsTest$UserCreated" time="0.001"/>
  <testcase name="connectionInit_isSent_firstMessage()" classname="dev.graphlink.test.SubscriptionsTest$UserCreated" time="0.001"/>
  <system-out><![CDATA[]]></system-out>
  <system-err><![CDATA[]]></system-err>
</testsuite>
