<?xml version="1.0" encoding="UTF-8"?>
<testsuite name="dev.graphlink.test.QueryStringsTest$PartialQueryStrings" tests="2" skipped="0" failures="0" errors="0" timestamp="2026-05-30T03:59:27.419Z" hostname="MacBook-Pro.local" time="0.001">
  <properties/>
  <testcase name="fetchUserAndPost_partialQueryStrings_containLiteralDollar()" classname="dev.graphlink.test.QueryStringsTest$PartialQueryStrings" time="0.001"/>
  <testcase name="fetchUserAndPost_query_doesNotContainObjectToString()" classname="dev.graphlink.test.QueryStringsTest$PartialQueryStrings" time="0.0"/>
  <system-out><![CDATA[]]></system-out>
  <system-err><![CDATA[]]></system-err>
</testsuite>
