<?xml version="1.0" encoding="UTF-8"?>
<testsuite name="dev.graphlink.test.InputsTest$UpdateUserInput_AllNullable" tests="4" skipped="0" failures="0" errors="0" timestamp="2026-05-30T03:59:27.286Z" hostname="MacBook-Pro.local" time="0.006">
  <properties/>
  <testcase name="updateUser_sendsIdInVariables()" classname="dev.graphlink.test.InputsTest$UpdateUserInput_AllNullable" time="0.002"/>
  <testcase name="updateUser_response_deserializesCorrectly()" classname="dev.graphlink.test.InputsTest$UpdateUserInput_AllNullable" time="0.001"/>
  <testcase name="updateUser_withStatus_sendsStatusAsString()" classname="dev.graphlink.test.InputsTest$UpdateUserInput_AllNullable" time="0.001"/>
  <testcase name="updateUser_emptyInput_sendsNullFields()" classname="dev.graphlink.test.InputsTest$UpdateUserInput_AllNullable" time="0.001"/>
  <system-out><![CDATA[]]></system-out>
  <system-err><![CDATA[]]></system-err>
</testsuite>
