<?xml version="1.0" encoding="UTF-8"?>
<testsuite name="dev.graphlink.test.NestedTypesTest$SkipOnClientField" tests="2" skipped="0" failures="0" errors="0" timestamp="2026-05-30T03:59:27.361Z" hostname="MacBook-Pro.local" time="0.004">
  <properties/>
  <testcase name="auditEntry_withExtraServerField_isIgnoredSilently()" classname="dev.graphlink.test.NestedTypesTest$SkipOnClientField" time="0.003"/>
  <testcase name="auditEntry_withoutInternalNote_deserializesCorrectly()" classname="dev.graphlink.test.NestedTypesTest$SkipOnClientField" time="0.001"/>
  <system-out><![CDATA[]]></system-out>
  <system-err><![CDATA[]]></system-err>
</testsuite>
