<?xml version="1.0" encoding="UTF-8"?>
<testsuite name="dev.graphlink.test.CycleTest$UserWithPosts" tests="9" skipped="0" failures="0" errors="0" timestamp="2026-05-30T03:59:27.209Z" hostname="MacBook-Pro.local" time="0.014">
  <properties/>
  <testcase name="user_posts_author_hasCorrectId()" classname="dev.graphlink.test.CycleTest$UserWithPosts" time="0.001"/>
  <testcase name="user_posts_firstEntry_hasCorrectTitle()" classname="dev.graphlink.test.CycleTest$UserWithPosts" time="0.002"/>
  <testcase name="user_posts_author_address_city_isAccessible()" classname="dev.graphlink.test.CycleTest$UserWithPosts" time="0.001"/>
  <testcase name="user_posts_firstEntry_isPostType()" classname="dev.graphlink.test.CycleTest$UserWithPosts" time="0.001"/>
  <testcase name="user_posts_author_isTruncatedUserType()" classname="dev.graphlink.test.CycleTest$UserWithPosts" time="0.002"/>
  <testcase name="user_posts_firstEntry_hasCorrectId()" classname="dev.graphlink.test.CycleTest$UserWithPosts" time="0.001"/>
  <testcase name="user_posts_hasOneEntry()" classname="dev.graphlink.test.CycleTest$UserWithPosts" time="0.001"/>
  <testcase name="user_posts_author_address_isNotNull()" classname="dev.graphlink.test.CycleTest$UserWithPosts" time="0.002"/>
  <testcase name="user_posts_isNotNull()" classname="dev.graphlink.test.CycleTest$UserWithPosts" time="0.001"/>
  <system-out><![CDATA[]]></system-out>
  <system-err><![CDATA[]]></system-err>
</testsuite>
