<?xml version="1.0" encoding="UTF-8"?>
<testsuite name="dev.graphlink.test.EnumsTest$EnumDeserialization" tests="4" skipped="0" failures="0" errors="0" timestamp="2026-05-30T03:59:27.230Z" hostname="MacBook-Pro.local" time="0.005">
  <properties/>
  <testcase name="status_deserializesToUserStatus_ACTIVE()" classname="dev.graphlink.test.EnumsTest$EnumDeserialization" time="0.001"/>
  <testcase name="status_deserializesToUserStatus_INACTIVE()" classname="dev.graphlink.test.EnumsTest$EnumDeserialization" time="0.001"/>
  <testcase name="priority_deserializesToPriority_HIGH()" classname="dev.graphlink.test.EnumsTest$EnumDeserialization" time="0.002"/>
  <testcase name="priority_isNull_whenAbsent()" classname="dev.graphlink.test.EnumsTest$EnumDeserialization" time="0.001"/>
  <system-out><![CDATA[]]></system-out>
  <system-err><![CDATA[]]></system-err>
</testsuite>
