<?xml version="1.0" encoding="UTF-8"?>
<testsuite name="dev.graphlink.test.QueryStringsTest$QueryQueryStrings" tests="2" skipped="0" failures="0" errors="0" timestamp="2026-05-30T03:59:27.421Z" hostname="MacBook-Pro.local" time="0.001">
  <properties/>
  <testcase name="getUser_query_containsLiteralDollarId()" classname="dev.graphlink.test.QueryStringsTest$QueryQueryStrings" time="0.0"/>
  <testcase name="listUsersByStatus_query_containsLiteralDollarStatus()" classname="dev.graphlink.test.QueryStringsTest$QueryQueryStrings" time="0.001"/>
  <system-out><![CDATA[]]></system-out>
  <system-err><![CDATA[]]></system-err>
</testsuite>
