<?xml version="1.0" encoding="UTF-8"?>
<testsuite name="dev.graphlink.test.InputsTest$CreateUserInput_OptionalFields" tests="3" skipped="0" failures="0" errors="0" timestamp="2026-05-30T03:59:27.275Z" hostname="MacBook-Pro.local" time="0.004">
  <properties/>
  <testcase name="createUser_sendsInitialScore_whenSet()" classname="dev.graphlink.test.InputsTest$CreateUserInput_OptionalFields" time="0.001"/>
  <testcase name="createUser_sendsTags_whenSet()" classname="dev.graphlink.test.InputsTest$CreateUserInput_OptionalFields" time="0.001"/>
  <testcase name="createUser_sendsPriority_whenSet()" classname="dev.graphlink.test.InputsTest$CreateUserInput_OptionalFields" time="0.001"/>
  <system-out><![CDATA[]]></system-out>
  <system-err><![CDATA[]]></system-err>
</testsuite>
