<?xml version="1.0" encoding="UTF-8"?>
<testsuite name="dev.graphlink.test.NullabilityTest$NullableCoAuthor" tests="2" skipped="0" failures="0" errors="0" timestamp="2026-05-30T03:59:27.367Z" hostname="MacBook-Pro.local" time="0.002">
  <properties/>
  <testcase name="coAuthor_isNull_whenAbsent()" classname="dev.graphlink.test.NullabilityTest$NullableCoAuthor" time="0.001"/>
  <testcase name="coAuthor_isNotNull_whenPresent()" classname="dev.graphlink.test.NullabilityTest$NullableCoAuthor" time="0.001"/>
  <system-out><![CDATA[]]></system-out>
  <system-err><![CDATA[]]></system-err>
</testsuite>
