<?xml version="1.0" encoding="UTF-8"?>
<testsuite name="dev.graphlink.test.ScalarsTest$NullableScalarFields_Null" tests="5" skipped="0" failures="0" errors="0" timestamp="2026-05-30T03:59:27.430Z" hostname="MacBook-Pro.local" time="0.005">
  <properties/>
  <testcase name="nullableId_isNull()" classname="dev.graphlink.test.ScalarsTest$NullableScalarFields_Null" time="0.001"/>
  <testcase name="nullableInt_isNull()" classname="dev.graphlink.test.ScalarsTest$NullableScalarFields_Null" time="0.001"/>
  <testcase name="nullableFloat_isNull()" classname="dev.graphlink.test.ScalarsTest$NullableScalarFields_Null" time="0.0"/>
  <testcase name="nullableStr_isNull()" classname="dev.graphlink.test.ScalarsTest$NullableScalarFields_Null" time="0.0"/>
  <testcase name="nullableBool_isNull()" classname="dev.graphlink.test.ScalarsTest$NullableScalarFields_Null" time="0.001"/>
  <system-out><![CDATA[]]></system-out>
  <system-err><![CDATA[]]></system-err>
</testsuite>
