<?xml version="1.0" encoding="UTF-8"?>
<testsuite name="dev.graphlink.test.ListsTest$SearchUsers" tests="2" skipped="0" failures="0" errors="0" timestamp="2026-05-30T03:59:27.318Z" hostname="MacBook-Pro.local" time="0.005">
  <properties/>
  <testcase name="searchUsers_returnsMatchingUsers()" classname="dev.graphlink.test.ListsTest$SearchUsers" time="0.003"/>
  <testcase name="searchUsers_sendsNameAndLimit()" classname="dev.graphlink.test.ListsTest$SearchUsers" time="0.001"/>
  <system-out><![CDATA[]]></system-out>
  <system-err><![CDATA[]]></system-err>
</testsuite>
