<?xml version="1.0" encoding="UTF-8"?>
<testsuite name="dev.graphlink.test.ErrorCaptureTest$GetUserOrErrorsWithErrors" tests="4" skipped="0" failures="0" errors="0" timestamp="2026-05-30T03:59:27.266Z" hostname="MacBook-Pro.local" time="0.005">
  <properties/>
  <testcase name="data_isStillPresent_whenErrorsPresent()" classname="dev.graphlink.test.ErrorCaptureTest$GetUserOrErrorsWithErrors" time="0.001"/>
  <testcase name="errors_firstMessage_isCorrect()" classname="dev.graphlink.test.ErrorCaptureTest$GetUserOrErrorsWithErrors" time="0.001"/>
  <testcase name="doesNotThrow_whenErrorsPresent()" classname="dev.graphlink.test.ErrorCaptureTest$GetUserOrErrorsWithErrors" time="0.001"/>
  <testcase name="errors_isNonEmpty()" classname="dev.graphlink.test.ErrorCaptureTest$GetUserOrErrorsWithErrors" time="0.001"/>
  <system-out><![CDATA[]]></system-out>
  <system-err><![CDATA[]]></system-err>
</testsuite>
