<?xml version="1.0" encoding="UTF-8"?>
<testsuite name="dev.graphlink.test.CycleTest$PostCycleAuthor" tests="4" skipped="0" failures="0" errors="0" timestamp="2026-05-30T03:59:27.190Z" hostname="MacBook-Pro.local" time="0.009">
  <properties/>
  <testcase name="post_author_hasCorrectId()" classname="dev.graphlink.test.CycleTest$PostCycleAuthor" time="0.003"/>
  <testcase name="post_author_isTruncatedUserType()" classname="dev.graphlink.test.CycleTest$PostCycleAuthor" time="0.002"/>
  <testcase name="post_author_address_isNotNull()" classname="dev.graphlink.test.CycleTest$PostCycleAuthor" time="0.001"/>
  <testcase name="post_coAuthor_isNull()" classname="dev.graphlink.test.CycleTest$PostCycleAuthor" time="0.002"/>
  <system-out><![CDATA[]]></system-out>
  <system-err><![CDATA[]]></system-err>
</testsuite>
