<?xml version="1.0" encoding="UTF-8"?>
<testsuite name="dev.graphlink.test.InputsTest$CreateUserInput_RequiredFields" tests="5" skipped="0" failures="0" errors="0" timestamp="2026-05-30T03:59:27.280Z" hostname="MacBook-Pro.local" time="0.006">
  <properties/>
  <testcase name="createUser_sendsNameInVariables()" classname="dev.graphlink.test.InputsTest$CreateUserInput_RequiredFields" time="0.001"/>
  <testcase name="createUser_sendsStatusAsString()" classname="dev.graphlink.test.InputsTest$CreateUserInput_RequiredFields" time="0.001"/>
  <testcase name="createUser_response_deserializesCorrectly()" classname="dev.graphlink.test.InputsTest$CreateUserInput_RequiredFields" time="0.001"/>
  <testcase name="createUser_sendsAddressNested()" classname="dev.graphlink.test.InputsTest$CreateUserInput_RequiredFields" time="0.001"/>
  <testcase name="createUser_nullableFields_areNull_whenNotSet()" classname="dev.graphlink.test.InputsTest$CreateUserInput_RequiredFields" time="0.001"/>
  <system-out><![CDATA[]]></system-out>
  <system-err><![CDATA[]]></system-err>
</testsuite>
