<?xml version="1.0" encoding="UTF-8"?>
<testsuite name="dev.graphlink.test.QueriesTest$RunSearch" tests="4" skipped="0" failures="0" errors="0" timestamp="2026-05-30T03:59:27.408Z" hostname="MacBook-Pro.local" time="0.006">
  <properties/>
  <testcase name="postResult_dispatchedCorrectly()" classname="dev.graphlink.test.QueriesTest$RunSearch" time="0.002"/>
  <testcase name="mixedResults_dispatchedByTypename()" classname="dev.graphlink.test.QueriesTest$RunSearch" time="0.002"/>
  <testcase name="userResult_dispatchedCorrectly()" classname="dev.graphlink.test.QueriesTest$RunSearch" time="0.001"/>
  <testcase name="emptyResults_returnEmptyList()" classname="dev.graphlink.test.QueriesTest$RunSearch" time="0.001"/>
  <system-out><![CDATA[]]></system-out>
  <system-err><![CDATA[]]></system-err>
</testsuite>
