<?xml version="1.0" encoding="UTF-8"?>
<testsuite xmlns:xsi="http://www.w3.org/2001/XMLSchema-instance" xsi:noNamespaceSchemaLocation="https://maven.apache.org/surefire/maven-surefire-plugin/xsd/surefire-test-report.xsd" version="3.0.2" name="dev.graphlink.demo.DemoApplicationTests" time="1.482" tests="1" errors="0" skipped="0" failures="0" flakes="0">
  <properties>
[...]
</properties>
  <testcase name="contextLoads" classname="dev.graphlink.demo.DemoApplicationTests" time="0.396">
    <system-out><![CDATA[10:56:06.867 [main] INFO org.springframework.test.context.support.AnnotationConfigContextLoaderUtils -- Could not detect default configuration classes for test class [dev.graphlink.demo.DemoApplicationTests]: DemoApplicationTests does not declare any static, non-private, non-final, nested classes annotated with @Configuration.
10:56:06.918 [main] INFO org.springframework.boot.test.context.SpringBootTestContextBootstrapper -- Found @SpringBootConfiguration dev.graphlink.demo.DemoApplication for test class dev.graphlink.demo.DemoApplicationTests

  .   ____          _            __ _ _
 /\\ / ___'_ __ _ _(_)_ __  __ _ \ \ \ \
( ( )\___ | '_ | '_| | '_ \/ _` | \ \ \ \
 \\/  ___)| |_)| | | | | || (_| |  ) ) ) )
  '  |____| .__|_| |_|_| |_\__, | / / / /
 =========|_|==============|___/=/_/_/_/

 :: Spring Boot ::               (v3.5.13)

2026-04-14T10:56:07.103+01:00  INFO 10621 --- [demo] [           main] d.graphlink.demo.DemoApplicationTests    : Starting DemoApplicationTests using Java 21.0.7 with PID 10621 (started by ramdane in /Users/ramdane/projects/graphlink/examples/subscriptions_java/subscription-server)
2026-04-14T10:56:07.104+01:00  INFO 10621 --- [demo] [           main] d.graphlink.demo.DemoApplicationTests    : No active profile set, falling back to 1 default profile: "default"
2026-04-14T10:56:07.608+01:00  INFO 10621 --- [demo] [           main] efaultSchemaResourceGraphQlSourceBuilder : Loaded 2 resource(s) in the GraphQL schema.
2026-04-14T10:56:07.710+01:00  INFO 10621 --- [demo] [           main] o.s.b.a.g.GraphQlAutoConfiguration       : GraphQL schema inspection:
	Unmapped fields: {}
	Unmapped registrations: {}
	Unmapped arguments: {}
	Skipped types: []
2026-04-14T10:56:07.727+01:00  INFO 10621 --- [demo] [           main] s.b.a.g.s.GraphQlWebMvcAutoConfiguration : GraphQL endpoint HTTP POST /graphql
2026-04-14T10:56:07.876+01:00  INFO 10621 --- [demo] [           main] d.graphlink.demo.DemoApplicationTests    : Started DemoApplicationTests in 0.898 seconds (process running for 1.297)
]]></system-out>
    <system-err><![CDATA[Mockito is currently self-attaching to enable the inline-mock-maker. This will no longer work in future releases of the JDK. Please add Mockito as an agent to your build as described in Mockito's documentation: https://javadoc.io/doc/org.mockito/mockito-core/latest/org.mockito/org/mockito/Mockito.html#0.3
WARNING: A Java agent has been loaded dynamically (/Users/ramdane/.m2/repository/net/bytebuddy/byte-buddy-agent/1.17.8/byte-buddy-agent-1.17.8.jar)
WARNING: If a serviceability tool is in use, please run with -XX:+EnableDynamicAgentLoading to hide this warning
WARNING: If a serviceability tool is not in use, please run with -Djdk.instrument.traceUsage for more information
WARNING: Dynamic loading of agents will be disallowed by default in a future release
]]></system-err>
  </testcase>
</testsuite>