<?xml version="1.0" encoding="UTF-8"?>
<testsuite name="dev.graphlink.kotlinclienttest.QueriesTest" tests="7" skipped="0" failures="0" errors="0" timestamp="2026-06-13T00:05:58.743Z" hostname="MacBook-Pro.local" time="0.068">
  <properties/>
  <testcase name="listArticles_returnsAllArticles()" classname="dev.graphlink.kotlinclienttest.QueriesTest" time="0.016"/>
  <testcase name="listAuthors_returnsAllAuthors()" classname="dev.graphlink.kotlinclienttest.QueriesTest" time="0.014"/>
  <testcase name="getArticle_authorResolvedViaSchemaMapping()" classname="dev.graphlink.kotlinclienttest.QueriesTest" time="0.008"/>
  <testcase name="getAuthor_articlesResolvedViaBatchMapping()" classname="dev.graphlink.kotlinclienttest.QueriesTest" time="0.009"/>
  <testcase name="getAuthor_returnsAuthorById()" classname="dev.graphlink.kotlinclienttest.QueriesTest" time="0.008"/>
  <testcase name="getAuthor_returnsNullForUnknownId()" classname="dev.graphlink.kotlinclienttest.QueriesTest" time="0.006"/>
  <testcase name="getArticle_returnsArticleById()" classname="dev.graphlink.kotlinclienttest.QueriesTest" time="0.005"/>
  <system-out><![CDATA[]]></system-out>
  <system-err><![CDATA[]]></system-err>
</testsuite>
