<?xml version="1.0" encoding="UTF-8"?>
<testsuite name="dev.graphlink.test.CacheTest$CacheHit" tests="4" skipped="0" failures="0" errors="0" timestamp="2026-06-04T04:01:57.461Z" hostname="MacBook-Pro.local" time="0.14">
  <properties/>
  <testcase name="differentArg_bypassesCache()" classname="dev.graphlink.test.CacheTest$CacheHit" time="0.128"/>
  <testcase name="firstCall_hitsAdapter()" classname="dev.graphlink.test.CacheTest$CacheHit" time="0.003"/>
  <testcase name="cachedResponse_hasCorrectData()" classname="dev.graphlink.test.CacheTest$CacheHit" time="0.003"/>
  <testcase name="secondCallSameArg_servedFromCache_noExtraAdapterCall()" classname="dev.graphlink.test.CacheTest$CacheHit" time="0.003"/>
  <system-out><![CDATA[]]></system-out>
  <system-err><![CDATA[]]></system-err>
</testsuite>
