<?xml version="1.0" encoding="UTF-8"?>
<testsuite name="dev.graphlink.test.SubscriptionsTest$UserStatusChanged" tests="2" skipped="0" failures="0" errors="0" timestamp="2026-06-05T13:57:36.096Z" hostname="MacBook-Pro.local" time="0.012">
  <properties/>
  <testcase name="event_returnsCorrectUser()" classname="dev.graphlink.test.SubscriptionsTest$UserStatusChanged" time="0.006"/>
  <testcase name="event_status_isCorrect()" classname="dev.graphlink.test.SubscriptionsTest$UserStatusChanged" time="0.006"/>
  <system-out><![CDATA[]]></system-out>
  <system-err><![CDATA[]]></system-err>
</testsuite>
