<?xml version="1.0" encoding="UTF-8"?>
<testsuite name="dev.graphlink.test.ErrorCaptureTest$FindUserOrErrorsWithErrors" tests="2" skipped="0" failures="0" errors="0" timestamp="2026-06-04T04:01:59.315Z" hostname="MacBook-Pro.local" time="0.014">
  <properties/>
  <testcase name="errors_isNonEmpty_forErrorId()" classname="dev.graphlink.test.ErrorCaptureTest$FindUserOrErrorsWithErrors" time="0.007"/>
  <testcase name="doesNotThrow_forErrorId()" classname="dev.graphlink.test.ErrorCaptureTest$FindUserOrErrorsWithErrors" time="0.007"/>
  <system-out><![CDATA[]]></system-out>
  <system-err><![CDATA[]]></system-err>
</testsuite>
