<?xml version="1.0" encoding="UTF-8"?>
<testsuite name="dev.graphlink.test.ScalarsTest$NonNullableScalarFields" tests="5" skipped="0" failures="0" errors="0" timestamp="2026-06-04T04:01:59.893Z" hostname="MacBook-Pro.local" time="0.035">
  <properties/>
  <testcase name="floatVal_deserializesToDouble()" classname="dev.graphlink.test.ScalarsTest$NonNullableScalarFields" time="0.012"/>
  <testcase name="strVal_deserializesToString()" classname="dev.graphlink.test.ScalarsTest$NonNullableScalarFields" time="0.005"/>
  <testcase name="id_deserializesToString()" classname="dev.graphlink.test.ScalarsTest$NonNullableScalarFields" time="0.007"/>
  <testcase name="intVal_deserializesToInt()" classname="dev.graphlink.test.ScalarsTest$NonNullableScalarFields" time="0.006"/>
  <testcase name="boolVal_deserializesToBoolean()" classname="dev.graphlink.test.ScalarsTest$NonNullableScalarFields" time="0.005"/>
  <system-out><![CDATA[]]></system-out>
  <system-err><![CDATA[]]></system-err>
</testsuite>
