<?xml version="1.0" encoding="UTF-8"?>
<testsuite name="dev.graphlink.test.CacheTest$CacheHit" tests="4" skipped="0" failures="0" errors="0" timestamp="2026-06-05T13:57:33.702Z" hostname="MacBook-Pro.local" time="0.117">
  <properties/>
  <testcase name="differentArg_bypassesCache()" classname="dev.graphlink.test.CacheTest$CacheHit" time="0.108"/>
  <testcase name="firstCall_hitsAdapter()" classname="dev.graphlink.test.CacheTest$CacheHit" time="0.002"/>
  <testcase name="cachedResponse_hasCorrectData()" classname="dev.graphlink.test.CacheTest$CacheHit" time="0.002"/>
  <testcase name="secondCallSameArg_servedFromCache_noExtraAdapterCall()" classname="dev.graphlink.test.CacheTest$CacheHit" time="0.002"/>
  <system-out><![CDATA[]]></system-out>
  <system-err><![CDATA[]]></system-err>
</testsuite>
