<?xml version="1.0" encoding="UTF-8"?>
<testsuite name="dev.graphlink.test.UploadTest$UploadFileList" tests="3" skipped="0" failures="0" errors="0" timestamp="2026-06-05T13:57:36.108Z" hostname="MacBook-Pro.local" time="0.023">
  <properties/>
  <testcase name="returns true for single file in list()" classname="dev.graphlink.test.UploadTest$UploadFileList" time="0.011"/>
  <testcase name="returns true for two files()" classname="dev.graphlink.test.UploadTest$UploadFileList" time="0.006"/>
  <testcase name="returns true for three files()" classname="dev.graphlink.test.UploadTest$UploadFileList" time="0.006"/>
  <system-out><![CDATA[]]></system-out>
  <system-err><![CDATA[]]></system-err>
</testsuite>
