<?xml version="1.0" encoding="UTF-8"?>
<testsuite name="dev.graphlink.test.CycleTest$PostCycleAuthor" tests="4" skipped="0" failures="0" errors="0" timestamp="2026-06-05T13:57:34.964Z" hostname="MacBook-Pro.local" time="0.277">
  <properties/>
  <testcase name="post_author_hasCorrectId()" classname="dev.graphlink.test.CycleTest$PostCycleAuthor" time="0.254"/>
  <testcase name="post_author_isTruncatedUserType()" classname="dev.graphlink.test.CycleTest$PostCycleAuthor" time="0.008"/>
  <testcase name="post_author_address_isNotNull()" classname="dev.graphlink.test.CycleTest$PostCycleAuthor" time="0.006"/>
  <testcase name="post_coAuthor_isNull()" classname="dev.graphlink.test.CycleTest$PostCycleAuthor" time="0.007"/>
  <system-out><![CDATA[]]></system-out>
  <system-err><![CDATA[]]></system-err>
</testsuite>
