<?xml version="1.0" encoding="UTF-8"?>
<testsuite name="dev.graphlink.test.NullabilityTest$NullableNestedObject_Present" tests="2" skipped="0" failures="0" errors="0" timestamp="2026-06-05T13:57:35.803Z" hostname="MacBook-Pro.local" time="0.009">
  <properties/>
  <testcase name="billingAddress_hasCorrectCity()" classname="dev.graphlink.test.NullabilityTest$NullableNestedObject_Present" time="0.004"/>
  <testcase name="billingAddress_isNotNull_forBob()" classname="dev.graphlink.test.NullabilityTest$NullableNestedObject_Present" time="0.004"/>
  <system-out><![CDATA[]]></system-out>
  <system-err><![CDATA[]]></system-err>
</testsuite>
