<?xml version="1.0" encoding="UTF-8"?>
<testsuite name="dev.graphlink.test.CycleTest$PostCycleAuthor" tests="4" skipped="0" failures="0" errors="0" timestamp="2026-06-04T04:01:58.757Z" hostname="MacBook-Pro.local" time="0.309">
  <properties/>
  <testcase name="post_author_hasCorrectId()" classname="dev.graphlink.test.CycleTest$PostCycleAuthor" time="0.28"/>
  <testcase name="post_author_isTruncatedUserType()" classname="dev.graphlink.test.CycleTest$PostCycleAuthor" time="0.009"/>
  <testcase name="post_author_address_isNotNull()" classname="dev.graphlink.test.CycleTest$PostCycleAuthor" time="0.008"/>
  <testcase name="post_coAuthor_isNull()" classname="dev.graphlink.test.CycleTest$PostCycleAuthor" time="0.009"/>
  <system-out><![CDATA[]]></system-out>
  <system-err><![CDATA[]]></system-err>
</testsuite>
