<?xml version="1.0" encoding="UTF-8"?>
<testsuite name="dev.graphlink.test.NestedTypesTest$RequiredNestedObject" tests="6" skipped="0" failures="0" errors="0" timestamp="2026-06-05T13:57:35.737Z" hostname="MacBook-Pro.local" time="0.025">
  <properties/>
  <testcase name="address_hasCorrectCity()" classname="dev.graphlink.test.NestedTypesTest$RequiredNestedObject" time="0.004"/>
  <testcase name="address_isNotNull()" classname="dev.graphlink.test.NestedTypesTest$RequiredNestedObject" time="0.003"/>
  <testcase name="address_hasCorrectStreet()" classname="dev.graphlink.test.NestedTypesTest$RequiredNestedObject" time="0.004"/>
  <testcase name="address_hasCorrectZip()" classname="dev.graphlink.test.NestedTypesTest$RequiredNestedObject" time="0.003"/>
  <testcase name="address_hasCorrectCountry()" classname="dev.graphlink.test.NestedTypesTest$RequiredNestedObject" time="0.004"/>
  <testcase name="address_deserializesToAddressType()" classname="dev.graphlink.test.NestedTypesTest$RequiredNestedObject" time="0.004"/>
  <system-out><![CDATA[]]></system-out>
  <system-err><![CDATA[]]></system-err>
</testsuite>
