<?xml version="1.0" encoding="UTF-8"?>
<testsuite name="dev.graphlink.test.NestedTypesTest$SkipOnClientField" tests="2" skipped="0" failures="0" errors="0" timestamp="2026-06-04T04:01:59.703Z" hostname="MacBook-Pro.local" time="0.012">
  <properties/>
  <testcase name="auditEntry_withExtraServerField_isIgnoredSilently()" classname="dev.graphlink.test.NestedTypesTest$SkipOnClientField" time="0.008"/>
  <testcase name="auditEntry_deserializesCorrectly()" classname="dev.graphlink.test.NestedTypesTest$SkipOnClientField" time="0.004"/>
  <system-out><![CDATA[]]></system-out>
  <system-err><![CDATA[]]></system-err>
</testsuite>
