<?xml version="1.0" encoding="UTF-8"?>
<testsuite name="dev.graphlink.test.CacheTest$TagInvalidation" tests="2" skipped="0" failures="0" errors="0" timestamp="2026-06-04T04:01:58.744Z" hostname="MacBook-Pro.local" time="0.011">
  <properties/>
  <testcase name="createCachedUser_invalidatesUsersTag_nextGetCachedUserRefetches()" classname="dev.graphlink.test.CacheTest$TagInvalidation" time="0.004"/>
  <testcase name="resetAll_invalidatesAllTags_allCachedQueriesRefetch()" classname="dev.graphlink.test.CacheTest$TagInvalidation" time="0.006"/>
  <system-out><![CDATA[]]></system-out>
  <system-err><![CDATA[]]></system-err>
</testsuite>
