<?xml version="1.0" encoding="UTF-8"?>
<testsuite name="dev.graphlink.test.QueriesTest$RunSearch" tests="4" skipped="0" failures="0" errors="0" timestamp="2026-06-05T13:57:35.889Z" hostname="MacBook-Pro.local" time="0.019">
  <properties/>
  <testcase name="results_containUserResult()" classname="dev.graphlink.test.QueriesTest$RunSearch" time="0.007"/>
  <testcase name="results_containPostResult()" classname="dev.graphlink.test.QueriesTest$RunSearch" time="0.004"/>
  <testcase name="postResult_hasCorrectId()" classname="dev.graphlink.test.QueriesTest$RunSearch" time="0.004"/>
  <testcase name="userResult_hasCorrectId()" classname="dev.graphlink.test.QueriesTest$RunSearch" time="0.004"/>
  <system-out><![CDATA[]]></system-out>
  <system-err><![CDATA[]]></system-err>
</testsuite>
