<?xml version="1.0" encoding="UTF-8"?>
<testsuite name="dev.graphlink.test.QueriesTest$FetchUserAndPost" tests="8" skipped="0" failures="0" errors="0" timestamp="2026-06-04T04:01:59.790Z" hostname="MacBook-Pro.local" time="0.044">
  <properties/>
  <testcase name="response_isNotNull()" classname="dev.graphlink.test.QueriesTest$FetchUserAndPost" time="0.007"/>
  <testcase name="user_isNotNull()" classname="dev.graphlink.test.QueriesTest$FetchUserAndPost" time="0.005"/>
  <testcase name="post_hasCorrectId()" classname="dev.graphlink.test.QueriesTest$FetchUserAndPost" time="0.004"/>
  <testcase name="post_hasCorrectTitle()" classname="dev.graphlink.test.QueriesTest$FetchUserAndPost" time="0.005"/>
  <testcase name="post_author_hasCorrectId()" classname="dev.graphlink.test.QueriesTest$FetchUserAndPost" time="0.005"/>
  <testcase name="post_isNotNull()" classname="dev.graphlink.test.QueriesTest$FetchUserAndPost" time="0.005"/>
  <testcase name="user_hasCorrectId()" classname="dev.graphlink.test.QueriesTest$FetchUserAndPost" time="0.006"/>
  <testcase name="user_hasCorrectName()" classname="dev.graphlink.test.QueriesTest$FetchUserAndPost" time="0.005"/>
  <system-out><![CDATA[]]></system-out>
  <system-err><![CDATA[]]></system-err>
</testsuite>
