<?xml version="1.0" encoding="UTF-8"?>
<testsuite name="dev.graphlink.test.InputsTest$CreateUserInput_RequiredFields" tests="3" skipped="0" failures="0" errors="0" timestamp="2026-06-04T04:01:59.408Z" hostname="MacBook-Pro.local" time="0.019">
  <properties/>
  <testcase name="createUser_response_deserializesCorrectly()" classname="dev.graphlink.test.InputsTest$CreateUserInput_RequiredFields" time="0.006"/>
  <testcase name="createUser_status_isReflectedInResponse()" classname="dev.graphlink.test.InputsTest$CreateUserInput_RequiredFields" time="0.006"/>
  <testcase name="createUser_address_isReflectedInResponse()" classname="dev.graphlink.test.InputsTest$CreateUserInput_RequiredFields" time="0.006"/>
  <system-out><![CDATA[]]></system-out>
  <system-err><![CDATA[]]></system-err>
</testsuite>
