<?xml version="1.0" encoding="UTF-8"?>
<testsuite name="dev.graphlink.test.QueriesTest$FetchUserSummary" tests="6" skipped="0" failures="0" errors="0" timestamp="2026-06-04T04:01:59.835Z" hostname="MacBook-Pro.local" time="0.032">
  <properties/>
  <testcase name="getUser_hasCorrectId()" classname="dev.graphlink.test.QueriesTest$FetchUserSummary" time="0.007"/>
  <testcase name="getUser_hasCorrectName()" classname="dev.graphlink.test.QueriesTest$FetchUserSummary" time="0.006"/>
  <testcase name="response_isNotNull()" classname="dev.graphlink.test.QueriesTest$FetchUserSummary" time="0.004"/>
  <testcase name="getUser_isNotNull()" classname="dev.graphlink.test.QueriesTest$FetchUserSummary" time="0.005"/>
  <testcase name="getUser_status_deserializesToEnum()" classname="dev.graphlink.test.QueriesTest$FetchUserSummary" time="0.005"/>
  <testcase name="getUser_isProjectedType()" classname="dev.graphlink.test.QueriesTest$FetchUserSummary" time="0.005"/>
  <system-out><![CDATA[]]></system-out>
  <system-err><![CDATA[]]></system-err>
</testsuite>
