<?xml version="1.0" encoding="UTF-8"?>
<testsuite name="dev.graphlink.test.ErrorCaptureTest$GetUserOrErrorsWithErrors" tests="3" skipped="0" failures="0" errors="0" timestamp="2026-06-04T04:01:59.364Z" hostname="MacBook-Pro.local" time="0.022">
  <properties/>
  <testcase name="doesNotThrow_whenServerReturnsError()" classname="dev.graphlink.test.ErrorCaptureTest$GetUserOrErrorsWithErrors" time="0.007"/>
  <testcase name="errors_hasMessage_forUnknownId()" classname="dev.graphlink.test.ErrorCaptureTest$GetUserOrErrorsWithErrors" time="0.007"/>
  <testcase name="errors_isNonEmpty_forUnknownId()" classname="dev.graphlink.test.ErrorCaptureTest$GetUserOrErrorsWithErrors" time="0.007"/>
  <system-out><![CDATA[]]></system-out>
  <system-err><![CDATA[]]></system-err>
</testsuite>
