<?xml version="1.0" encoding="UTF-8"?>
<testsuite name="dev.graphlink.test.CacheTest$StaleIfOffline" tests="2" skipped="0" failures="0" errors="0" timestamp="2026-06-05T13:57:33.836Z" hostname="MacBook-Pro.local" time="1.111">
  <properties/>
  <testcase name="nonStaleEntry_throwsWhenNetworkFails()" classname="dev.graphlink.test.CacheTest$StaleIfOffline" time="0.002"/>
  <testcase name="staleData_isReturnedWhenNetworkFails_afterTtlExpires()" classname="dev.graphlink.test.CacheTest$StaleIfOffline" time="1.109"/>
  <system-out><![CDATA[]]></system-out>
  <system-err><![CDATA[]]></system-err>
</testsuite>
