<?xml version="1.0" encoding="UTF-8"?>
<testsuite name="dev.graphlink.test.ScalarsTest$NullableScalarFields_Null" tests="5" skipped="0" failures="0" errors="0" timestamp="2026-06-05T13:57:35.935Z" hostname="MacBook-Pro.local" time="0.017">
  <properties/>
  <testcase name="nullableId_isNull()" classname="dev.graphlink.test.ScalarsTest$NullableScalarFields_Null" time="0.003"/>
  <testcase name="nullableInt_isNull()" classname="dev.graphlink.test.ScalarsTest$NullableScalarFields_Null" time="0.003"/>
  <testcase name="nullableFloat_isNull()" classname="dev.graphlink.test.ScalarsTest$NullableScalarFields_Null" time="0.003"/>
  <testcase name="nullableStr_isNull()" classname="dev.graphlink.test.ScalarsTest$NullableScalarFields_Null" time="0.003"/>
  <testcase name="nullableBool_isNull()" classname="dev.graphlink.test.ScalarsTest$NullableScalarFields_Null" time="0.003"/>
  <system-out><![CDATA[]]></system-out>
  <system-err><![CDATA[]]></system-err>
</testsuite>
