<?xml version="1.0" encoding="UTF-8"?>
<testsuite name="dev.graphlink.test.ErrorCaptureTest$FindUserOrErrorsNullReturn" tests="3" skipped="0" failures="0" errors="0" timestamp="2026-06-04T04:01:59.285Z" hostname="MacBook-Pro.local" time="0.022">
  <properties/>
  <testcase name="errors_isNullOrEmpty_forUnknownId()" classname="dev.graphlink.test.ErrorCaptureTest$FindUserOrErrorsNullReturn" time="0.008"/>
  <testcase name="data_fieldIsNull_forUnknownId()" classname="dev.graphlink.test.ErrorCaptureTest$FindUserOrErrorsNullReturn" time="0.006"/>
  <testcase name="doesNotThrow_forUnknownId()" classname="dev.graphlink.test.ErrorCaptureTest$FindUserOrErrorsNullReturn" time="0.006"/>
  <system-out><![CDATA[]]></system-out>
  <system-err><![CDATA[]]></system-err>
</testsuite>
