<?xml version="1.0" encoding="UTF-8"?>
<testsuite name="dev.graphlink.test.SubscriptionsTest$UserStatusChanged" tests="2" skipped="0" failures="0" errors="0" timestamp="2026-06-04T04:02:00.072Z" hostname="MacBook-Pro.local" time="0.017">
  <properties/>
  <testcase name="event_returnsCorrectUser()" classname="dev.graphlink.test.SubscriptionsTest$UserStatusChanged" time="0.01"/>
  <testcase name="event_status_isCorrect()" classname="dev.graphlink.test.SubscriptionsTest$UserStatusChanged" time="0.007"/>
  <system-out><![CDATA[]]></system-out>
  <system-err><![CDATA[]]></system-err>
</testsuite>
