<?xml version="1.0" encoding="UTF-8"?>
<testsuite name="dev.graphlink.test.InputsTest$UpdateUserInput_AllNullable" tests="2" skipped="0" failures="0" errors="0" timestamp="2026-06-04T04:01:59.428Z" hostname="MacBook-Pro.local" time="0.015">
  <properties/>
  <testcase name="updateUser_response_deserializesCorrectly()" classname="dev.graphlink.test.InputsTest$UpdateUserInput_AllNullable" time="0.01"/>
  <testcase name="updateUser_statusNotInInput_preservesOriginalStatus()" classname="dev.graphlink.test.InputsTest$UpdateUserInput_AllNullable" time="0.005"/>
  <system-out><![CDATA[]]></system-out>
  <system-err><![CDATA[]]></system-err>
</testsuite>
